

============================== 2022-04-18 17:33:29.279350 | 11c6bab9-509a-464a-b7b5-0ead3531a8e1 ==============================
17:33:29.279350 [info ] [MainThread]: Running with dbt=1.0.4
17:33:29.279540 [debug] [MainThread]: running dbt with arguments Namespace(record_timing_info=None, debug=None, log_format=None, write_json=None, use_colors=None, printer_width=None, warn_error=None, version_check=None, partial_parse=None, single_threaded=False, use_experimental_parser=None, static_parser=None, profiles_dir='/Users/kkshetty/.dbt', send_anonymous_usage_stats=None, fail_fast=None, event_buffer_size=None, project_dir=None, profile=None, target=None, vars='{}', log_cache_events=False, project_name='dbt_test', skip_profile_setup=False, defer=None, state=None, cls=<class 'dbt.task.init.InitTask'>, which='init', rpc_method=None)
17:33:29.279612 [debug] [MainThread]: Tracking: tracking
17:33:29.286853 [debug] [MainThread]: Sending event: {'category': 'dbt', 'action': 'invocation', 'label': 'start', 'context': [<snowplow_tracker.self_describing_json.SelfDescribingJson object at 0x1088d9400>, <snowplow_tracker.self_describing_json.SelfDescribingJson object at 0x1088d9070>, <snowplow_tracker.self_describing_json.SelfDescribingJson object at 0x1088d9730>]}
17:33:29.287740 [debug] [MainThread]: Starter project path: /opt/homebrew/Cellar/dbt-postgres/1.0.4/libexec/lib/python3.9/site-packages/dbt/include/starter_project
17:33:37.468969 [info ] [MainThread]: 
Your new dbt project "dbt_test" was created!

For more information on how to configure the profiles.yml file,
please consult the dbt documentation here:

  https://docs.getdbt.com/docs/configure-your-profile

One more thing:

Need help? Don't hesitate to reach out to us via GitHub issues or on Slack:

  https://community.getdbt.com/

Happy modeling!

17:33:37.469275 [debug] [MainThread]: Sending event: {'category': 'dbt', 'action': 'invocation', 'label': 'end', 'context': [<snowplow_tracker.self_describing_json.SelfDescribingJson object at 0x1088d98b0>, <snowplow_tracker.self_describing_json.SelfDescribingJson object at 0x1088d9430>, <snowplow_tracker.self_describing_json.SelfDescribingJson object at 0x1088d9ac0>]}


============================== 2022-04-18 18:30:07.910532 | ebb7fcd8-df86-40b7-8033-bce83c0232b0 ==============================
18:30:07.910532 [info ] [MainThread]: Running with dbt=1.0.4
18:30:07.910893 [debug] [MainThread]: running dbt with arguments Namespace(record_timing_info=None, debug=None, log_format=None, write_json=None, use_colors=None, printer_width=None, warn_error=None, version_check=None, partial_parse=None, single_threaded=False, use_experimental_parser=None, static_parser=None, profiles_dir='/Users/kkshetty/.dbt', send_anonymous_usage_stats=None, fail_fast=None, event_buffer_size=None, project_dir=None, profile=None, target=None, vars='{}', log_cache_events=False, config_dir=False, defer=None, state=None, cls=<class 'dbt.task.debug.DebugTask'>, which='debug', rpc_method=None)
18:30:07.910970 [debug] [MainThread]: Tracking: tracking
18:30:07.919749 [debug] [MainThread]: Sending event: {'category': 'dbt', 'action': 'invocation', 'label': 'start', 'context': [<snowplow_tracker.self_describing_json.SelfDescribingJson object at 0x10462ba00>, <snowplow_tracker.self_describing_json.SelfDescribingJson object at 0x10462b970>, <snowplow_tracker.self_describing_json.SelfDescribingJson object at 0x10463b100>]}
18:30:07.964288 [debug] [MainThread]: Executing "git --help"
18:30:07.975324 [debug] [MainThread]: STDOUT: "b"usage: git [--version] [--help] [-C <path>] [-c <name>=<value>]\n           [--exec-path[=<path>]] [--html-path] [--man-path] [--info-path]\n           [-p | --paginate | -P | --no-pager] [--no-replace-objects] [--bare]\n           [--git-dir=<path>] [--work-tree=<path>] [--namespace=<name>]\n           [--super-prefix=<path>] [--config-env=<name>=<envvar>]\n           <command> [<args>]\n\nThese are common Git commands used in various situations:\n\nstart a working area (see also: git help tutorial)\n   clone     Clone a repository into a new directory\n   init      Create an empty Git repository or reinitialize an existing one\n\nwork on the current change (see also: git help everyday)\n   add       Add file contents to the index\n   mv        Move or rename a file, a directory, or a symlink\n   restore   Restore working tree files\n   rm        Remove files from the working tree and from the index\n\nexamine the history and state (see also: git help revisions)\n   bisect    Use binary search to find the commit that introduced a bug\n   diff      Show changes between commits, commit and working tree, etc\n   grep      Print lines matching a pattern\n   log       Show commit logs\n   show      Show various types of objects\n   status    Show the working tree status\n\ngrow, mark and tweak your common history\n   branch    List, create, or delete branches\n   commit    Record changes to the repository\n   merge     Join two or more development histories together\n   rebase    Reapply commits on top of another base tip\n   reset     Reset current HEAD to the specified state\n   switch    Switch branches\n   tag       Create, list, delete or verify a tag object signed with GPG\n\ncollaborate (see also: git help workflows)\n   fetch     Download objects and refs from another repository\n   pull      Fetch from and integrate with another repository or a local branch\n   push      Update remote refs along with associated objects\n\n'git help -a' and 'git help -g' list available subcommands and some\nconcept guides. See 'git help <command>' or 'git help <concept>'\nto read about a specific subcommand or concept.\nSee 'git help git' for an overview of the system.\n""
18:30:07.975739 [debug] [MainThread]: STDERR: "b''"
18:30:07.981663 [debug] [MainThread]: Acquiring new postgres connection "debug"
18:30:07.982136 [debug] [MainThread]: Using postgres connection "debug"
18:30:07.982242 [debug] [MainThread]: On debug: select 1 as id
18:30:07.982337 [debug] [MainThread]: Opening a new connection, currently in state init
18:30:17.990507 [debug] [MainThread]: Postgres adapter: Got an error when attempting to open a postgres connection: 'connection to server at "10.127.0.192", port 5432 failed: timeout expired
'
18:30:17.991091 [debug] [MainThread]: Postgres adapter: Error running SQL: select 1 as id
18:30:17.991279 [debug] [MainThread]: Postgres adapter: Rolling back transaction.
18:30:17.991550 [debug] [MainThread]: On debug: No close available on handle
18:30:17.992328 [debug] [MainThread]: Sending event: {'category': 'dbt', 'action': 'invocation', 'label': 'end', 'context': [<snowplow_tracker.self_describing_json.SelfDescribingJson object at 0x1049b4eb0>, <snowplow_tracker.self_describing_json.SelfDescribingJson object at 0x1049b4d90>, <snowplow_tracker.self_describing_json.SelfDescribingJson object at 0x1049b47f0>]}
18:30:19.537037 [debug] [MainThread]: Connection 'debug' was properly closed.


============================== 2022-04-19 04:59:41.423073 | 39625005-e25b-4322-a84c-adec08f3f6ff ==============================
04:59:41.423073 [info ] [MainThread]: Running with dbt=1.0.4
04:59:41.423472 [debug] [MainThread]: running dbt with arguments Namespace(record_timing_info=None, debug=None, log_format=None, write_json=None, use_colors=None, printer_width=None, warn_error=None, version_check=None, partial_parse=None, single_threaded=False, use_experimental_parser=None, static_parser=None, profiles_dir='/Users/kkshetty/.dbt', send_anonymous_usage_stats=None, fail_fast=None, event_buffer_size=None, project_dir=None, profile=None, target=None, vars='{}', log_cache_events=False, config_dir=False, defer=None, state=None, cls=<class 'dbt.task.debug.DebugTask'>, which='debug', rpc_method=None)
04:59:41.423558 [debug] [MainThread]: Tracking: tracking
04:59:41.433655 [debug] [MainThread]: Sending event: {'category': 'dbt', 'action': 'invocation', 'label': 'start', 'context': [<snowplow_tracker.self_describing_json.SelfDescribingJson object at 0x1044e7970>, <snowplow_tracker.self_describing_json.SelfDescribingJson object at 0x1044e77f0>, <snowplow_tracker.self_describing_json.SelfDescribingJson object at 0x1044e7fa0>]}
04:59:41.477731 [debug] [MainThread]: Executing "git --help"
04:59:41.488074 [debug] [MainThread]: STDOUT: "b"usage: git [--version] [--help] [-C <path>] [-c <name>=<value>]\n           [--exec-path[=<path>]] [--html-path] [--man-path] [--info-path]\n           [-p | --paginate | -P | --no-pager] [--no-replace-objects] [--bare]\n           [--git-dir=<path>] [--work-tree=<path>] [--namespace=<name>]\n           [--super-prefix=<path>] [--config-env=<name>=<envvar>]\n           <command> [<args>]\n\nThese are common Git commands used in various situations:\n\nstart a working area (see also: git help tutorial)\n   clone     Clone a repository into a new directory\n   init      Create an empty Git repository or reinitialize an existing one\n\nwork on the current change (see also: git help everyday)\n   add       Add file contents to the index\n   mv        Move or rename a file, a directory, or a symlink\n   restore   Restore working tree files\n   rm        Remove files from the working tree and from the index\n\nexamine the history and state (see also: git help revisions)\n   bisect    Use binary search to find the commit that introduced a bug\n   diff      Show changes between commits, commit and working tree, etc\n   grep      Print lines matching a pattern\n   log       Show commit logs\n   show      Show various types of objects\n   status    Show the working tree status\n\ngrow, mark and tweak your common history\n   branch    List, create, or delete branches\n   commit    Record changes to the repository\n   merge     Join two or more development histories together\n   rebase    Reapply commits on top of another base tip\n   reset     Reset current HEAD to the specified state\n   switch    Switch branches\n   tag       Create, list, delete or verify a tag object signed with GPG\n\ncollaborate (see also: git help workflows)\n   fetch     Download objects and refs from another repository\n   pull      Fetch from and integrate with another repository or a local branch\n   push      Update remote refs along with associated objects\n\n'git help -a' and 'git help -g' list available subcommands and some\nconcept guides. See 'git help <command>' or 'git help <concept>'\nto read about a specific subcommand or concept.\nSee 'git help git' for an overview of the system.\n""
04:59:41.488515 [debug] [MainThread]: STDERR: "b''"
04:59:41.492732 [debug] [MainThread]: Acquiring new postgres connection "debug"
04:59:41.493184 [debug] [MainThread]: Using postgres connection "debug"
04:59:41.493261 [debug] [MainThread]: On debug: select 1 as id
04:59:41.493341 [debug] [MainThread]: Opening a new connection, currently in state init
04:59:42.147677 [debug] [MainThread]: SQL status: SELECT 1 in 0.65 seconds
04:59:42.152016 [debug] [MainThread]: On debug: Close
04:59:42.153025 [debug] [MainThread]: Sending event: {'category': 'dbt', 'action': 'invocation', 'label': 'end', 'context': [<snowplow_tracker.self_describing_json.SelfDescribingJson object at 0x10478ed60>, <snowplow_tracker.self_describing_json.SelfDescribingJson object at 0x104794b80>, <snowplow_tracker.self_describing_json.SelfDescribingJson object at 0x1047941c0>]}
04:59:43.417145 [debug] [MainThread]: Connection 'debug' was properly closed.
